{"C:\\Users\\khadi\\Documents\\ING2INFO\\S2\\Devops\\TP3\\tp-api-node.js\\app.js": {"path":"C:\\Users\\khadi\\Documents\\ING2INFO\\S2\\Devops\\TP3\\tp-api-node.js\\app.js","statementMap":{"0":{"start":{"line":2,"column":16},"end":{"line":2,"column":34}},"1":{"start":{"line":3,"column":23},"end":{"line":3,"column":57}},"2":{"start":{"line":5,"column":12},"end":{"line":5,"column":21}},"3":{"start":{"line":6,"column":0},"end":{"line":6,"column":24}},"4":{"start":{"line":8,"column":0},"end":{"line":10,"column":3}},"5":{"start":{"line":9,"column":4},"end":{"line":9,"column":56}},"6":{"start":{"line":12,"column":0},"end":{"line":12,"column":42}},"7":{"start":{"line":14,"column":0},"end":{"line":14,"column":21}}},"fnMap":{"0":{"name":"(anonymous_0)","decl":{"start":{"line":8,"column":13},"end":{"line":8,"column":14}},"loc":{"start":{"line":8,"column":27},"end":{"line":10,"column":1}},"line":8}},"branchMap":{},"s":{"0":1,"1":1,"2":1,"3":1,"4":1,"5":0,"6":1,"7":1},"f":{"0":0},"b":{},"_coverageSchema":"1a1c01bbd47fc00a2c39e90264f33305004495a9","hash":"96e812d2198dc13797463688746b3e35d59988c5"}
,"C:\\Users\\khadi\\Documents\\ING2INFO\\S2\\Devops\\TP3\\tp-api-node.js\\controllers\\etudiantController.js": {"path":"C:\\Users\\khadi\\Documents\\ING2INFO\\S2\\Devops\\TP3\\tp-api-node.js\\controllers\\etudiantController.js","statementMap":{"0":{"start":{"line":2,"column":17},"end":{"line":2,"column":36}},"1":{"start":{"line":3,"column":17},"end":{"line":3,"column":46}},"2":{"start":{"line":13,"column":0},"end":{"line":60,"column":2}},"3":{"start":{"line":14,"column":4},"end":{"line":59,"column":5}},"4":{"start":{"line":17,"column":8},"end":{"line":17,"column":52}},"5":{"start":{"line":19,"column":32},"end":{"line":19,"column":40}},"6":{"start":{"line":22,"column":23},"end":{"line":22,"column":62}},"7":{"start":{"line":24,"column":8},"end":{"line":29,"column":9}},"8":{"start":{"line":25,"column":12},"end":{"line":28,"column":15}},"9":{"start":{"line":33,"column":25},"end":{"line":33,"column":56}},"10":{"start":{"line":36,"column":8},"end":{"line":40,"column":11}},"11":{"start":{"line":46,"column":8},"end":{"line":51,"column":9}},"12":{"start":{"line":47,"column":12},"end":{"line":50,"column":15}},"13":{"start":{"line":54,"column":8},"end":{"line":58,"column":11}},"14":{"start":{"line":68,"column":0},"end":{"line":86,"column":2}},"15":{"start":{"line":69,"column":4},"end":{"line":85,"column":5}},"16":{"start":{"line":71,"column":26},"end":{"line":71,"column":62}},"17":{"start":{"line":73,"column":8},"end":{"line":77,"column":11}},"18":{"start":{"line":80,"column":8},"end":{"line":84,"column":11}},"19":{"start":{"line":96,"column":0},"end":{"line":129,"column":2}},"20":{"start":{"line":97,"column":4},"end":{"line":128,"column":5}},"21":{"start":{"line":98,"column":19},"end":{"line":98,"column":32}},"22":{"start":{"line":101,"column":8},"end":{"line":106,"column":9}},"23":{"start":{"line":102,"column":12},"end":{"line":105,"column":15}},"24":{"start":{"line":108,"column":25},"end":{"line":108,"column":52}},"25":{"start":{"line":110,"column":8},"end":{"line":115,"column":9}},"26":{"start":{"line":111,"column":12},"end":{"line":114,"column":15}},"27":{"start":{"line":117,"column":8},"end":{"line":120,"column":11}},"28":{"start":{"line":123,"column":8},"end":{"line":127,"column":11}},"29":{"start":{"line":137,"column":0},"end":{"line":176,"column":2}},"30":{"start":{"line":138,"column":4},"end":{"line":175,"column":5}},"31":{"start":{"line":139,"column":8},"end":{"line":139,"column":63}},"32":{"start":{"line":140,"column":8},"end":{"line":140,"column":55}},"33":{"start":{"line":149,"column":25},"end":{"line":153,"column":9}},"34":{"start":{"line":156,"column":8},"end":{"line":161,"column":9}},"35":{"start":{"line":157,"column":12},"end":{"line":160,"column":15}},"36":{"start":{"line":163,"column":8},"end":{"line":167,"column":11}},"37":{"start":{"line":170,"column":8},"end":{"line":174,"column":11}},"38":{"start":{"line":184,"column":0},"end":{"line":216,"column":2}},"39":{"start":{"line":185,"column":4},"end":{"line":215,"column":5}},"40":{"start":{"line":186,"column":8},"end":{"line":186,"column":66}},"41":{"start":{"line":189,"column":25},"end":{"line":193,"column":9}},"42":{"start":{"line":196,"column":8},"end":{"line":201,"column":9}},"43":{"start":{"line":197,"column":12},"end":{"line":200,"column":15}},"44":{"start":{"line":203,"column":8},"end":{"line":207,"column":11}},"45":{"start":{"line":210,"column":8},"end":{"line":214,"column":11}},"46":{"start":{"line":225,"column":0},"end":{"line":246,"column":2}},"47":{"start":{"line":226,"column":4},"end":{"line":245,"column":5}},"48":{"start":{"line":227,"column":8},"end":{"line":227,"column":69}},"49":{"start":{"line":230,"column":26},"end":{"line":230,"column":79}},"50":{"start":{"line":232,"column":8},"end":{"line":237,"column":11}},"51":{"start":{"line":240,"column":8},"end":{"line":244,"column":11}},"52":{"start":{"line":256,"column":0},"end":{"line":291,"column":2}},"53":{"start":{"line":257,"column":4},"end":{"line":290,"column":5}},"54":{"start":{"line":258,"column":22},"end":{"line":258,"column":31}},"55":{"start":{"line":261,"column":8},"end":{"line":266,"column":9}},"56":{"start":{"line":262,"column":12},"end":{"line":265,"column":15}},"57":{"start":{"line":269,"column":22},"end":{"line":269,"column":40}},"58":{"start":{"line":271,"column":26},"end":{"line":276,"column":10}},"59":{"start":{"line":278,"column":8},"end":{"line":282,"column":11}},"60":{"start":{"line":285,"column":8},"end":{"line":289,"column":11}},"61":{"start":{"line":300,"column":0},"end":{"line":318,"column":2}},"62":{"start":{"line":301,"column":4},"end":{"line":317,"column":5}},"63":{"start":{"line":303,"column":26},"end":{"line":303,"column":63}},"64":{"start":{"line":305,"column":8},"end":{"line":309,"column":11}},"65":{"start":{"line":312,"column":8},"end":{"line":316,"column":11}},"66":{"start":{"line":321,"column":0},"end":{"line":350,"column":2}},"67":{"start":{"line":322,"column":4},"end":{"line":349,"column":5}},"68":{"start":{"line":323,"column":65},"end":{"line":323,"column":74}},"69":{"start":{"line":324,"column":21},"end":{"line":324,"column":36}},"70":{"start":{"line":326,"column":8},"end":{"line":326,"column":51}},"71":{"start":{"line":326,"column":17},"end":{"line":326,"column":51}},"72":{"start":{"line":327,"column":8},"end":{"line":327,"column":46}},"73":{"start":{"line":327,"column":21},"end":{"line":327,"column":46}},"74":{"start":{"line":328,"column":8},"end":{"line":332,"column":9}},"75":{"start":{"line":329,"column":12},"end":{"line":329,"column":30}},"76":{"start":{"line":330,"column":12},"end":{"line":330,"column":65}},"77":{"start":{"line":330,"column":26},"end":{"line":330,"column":65}},"78":{"start":{"line":331,"column":12},"end":{"line":331,"column":65}},"79":{"start":{"line":331,"column":26},"end":{"line":331,"column":65}},"80":{"start":{"line":333,"column":8},"end":{"line":333,"column":74}},"81":{"start":{"line":333,"column":24},"end":{"line":333,"column":74}},"82":{"start":{"line":335,"column":26},"end":{"line":335,"column":53}},"83":{"start":{"line":337,"column":8},"end":{"line":342,"column":11}},"84":{"start":{"line":344,"column":8},"end":{"line":348,"column":11}},"85":{"start":{"line":352,"column":0},"end":{"line":370,"column":2}},"86":{"start":{"line":353,"column":4},"end":{"line":369,"column":5}},"87":{"start":{"line":354,"column":26},"end":{"line":355,"column":62}},"88":{"start":{"line":357,"column":8},"end":{"line":361,"column":11}},"89":{"start":{"line":364,"column":8},"end":{"line":368,"column":11}}},"fnMap":{"0":{"name":"(anonymous_0)","decl":{"start":{"line":13,"column":25},"end":{"line":13,"column":26}},"loc":{"start":{"line":13,"column":45},"end":{"line":60,"column":1}},"line":13},"1":{"name":"(anonymous_1)","decl":{"start":{"line":68,"column":26},"end":{"line":68,"column":27}},"loc":{"start":{"line":68,"column":46},"end":{"line":86,"column":1}},"line":68},"2":{"name":"(anonymous_2)","decl":{"start":{"line":96,"column":26},"end":{"line":96,"column":27}},"loc":{"start":{"line":96,"column":46},"end":{"line":129,"column":1}},"line":96},"3":{"name":"(anonymous_3)","decl":{"start":{"line":137,"column":25},"end":{"line":137,"column":26}},"loc":{"start":{"line":137,"column":45},"end":{"line":176,"column":1}},"line":137},"4":{"name":"(anonymous_4)","decl":{"start":{"line":184,"column":25},"end":{"line":184,"column":26}},"loc":{"start":{"line":184,"column":45},"end":{"line":216,"column":1}},"line":184},"5":{"name":"(anonymous_5)","decl":{"start":{"line":225,"column":32},"end":{"line":225,"column":33}},"loc":{"start":{"line":225,"column":52},"end":{"line":246,"column":1}},"line":225},"6":{"name":"(anonymous_6)","decl":{"start":{"line":256,"column":26},"end":{"line":256,"column":27}},"loc":{"start":{"line":256,"column":46},"end":{"line":291,"column":1}},"line":256},"7":{"name":"(anonymous_7)","decl":{"start":{"line":300,"column":31},"end":{"line":300,"column":32}},"loc":{"start":{"line":300,"column":51},"end":{"line":318,"column":1}},"line":300},"8":{"name":"(anonymous_8)","decl":{"start":{"line":321,"column":25},"end":{"line":321,"column":26}},"loc":{"start":{"line":321,"column":45},"end":{"line":350,"column":1}},"line":321},"9":{"name":"(anonymous_9)","decl":{"start":{"line":352,"column":29},"end":{"line":352,"column":30}},"loc":{"start":{"line":352,"column":49},"end":{"line":370,"column":1}},"line":352}},"branchMap":{"0":{"loc":{"start":{"line":24,"column":8},"end":{"line":29,"column":9}},"type":"if","locations":[{"start":{"line":24,"column":8},"end":{"line":29,"column":9}},{"start":{},"end":{}}],"line":24},"1":{"loc":{"start":{"line":46,"column":8},"end":{"line":51,"column":9}},"type":"if","locations":[{"start":{"line":46,"column":8},"end":{"line":51,"column":9}},{"start":{},"end":{}}],"line":46},"2":{"loc":{"start":{"line":101,"column":8},"end":{"line":106,"column":9}},"type":"if","locations":[{"start":{"line":101,"column":8},"end":{"line":106,"column":9}},{"start":{},"end":{}}],"line":101},"3":{"loc":{"start":{"line":110,"column":8},"end":{"line":115,"column":9}},"type":"if","locations":[{"start":{"line":110,"column":8},"end":{"line":115,"column":9}},{"start":{},"end":{}}],"line":110},"4":{"loc":{"start":{"line":156,"column":8},"end":{"line":161,"column":9}},"type":"if","locations":[{"start":{"line":156,"column":8},"end":{"line":161,"column":9}},{"start":{},"end":{}}],"line":156},"5":{"loc":{"start":{"line":196,"column":8},"end":{"line":201,"column":9}},"type":"if","locations":[{"start":{"line":196,"column":8},"end":{"line":201,"column":9}},{"start":{},"end":{}}],"line":196},"6":{"loc":{"start":{"line":261,"column":8},"end":{"line":266,"column":9}},"type":"if","locations":[{"start":{"line":261,"column":8},"end":{"line":266,"column":9}},{"start":{},"end":{}}],"line":261},"7":{"loc":{"start":{"line":326,"column":8},"end":{"line":326,"column":51}},"type":"if","locations":[{"start":{"line":326,"column":8},"end":{"line":326,"column":51}},{"start":{},"end":{}}],"line":326},"8":{"loc":{"start":{"line":327,"column":8},"end":{"line":327,"column":46}},"type":"if","locations":[{"start":{"line":327,"column":8},"end":{"line":327,"column":46}},{"start":{},"end":{}}],"line":327},"9":{"loc":{"start":{"line":328,"column":8},"end":{"line":332,"column":9}},"type":"if","locations":[{"start":{"line":328,"column":8},"end":{"line":332,"column":9}},{"start":{},"end":{}}],"line":328},"10":{"loc":{"start":{"line":328,"column":12},"end":{"line":328,"column":32}},"type":"binary-expr","locations":[{"start":{"line":328,"column":12},"end":{"line":328,"column":20}},{"start":{"line":328,"column":24},"end":{"line":328,"column":32}}],"line":328},"11":{"loc":{"start":{"line":330,"column":12},"end":{"line":330,"column":65}},"type":"if","locations":[{"start":{"line":330,"column":12},"end":{"line":330,"column":65}},{"start":{},"end":{}}],"line":330},"12":{"loc":{"start":{"line":331,"column":12},"end":{"line":331,"column":65}},"type":"if","locations":[{"start":{"line":331,"column":12},"end":{"line":331,"column":65}},{"start":{},"end":{}}],"line":331},"13":{"loc":{"start":{"line":333,"column":8},"end":{"line":333,"column":74}},"type":"if","locations":[{"start":{"line":333,"column":8},"end":{"line":333,"column":74}},{"start":{},"end":{}}],"line":333}},"s":{"0":1,"1":1,"2":1,"3":0,"4":0,"5":0,"6":0,"7":0,"8":0,"9":0,"10":0,"11":0,"12":0,"13":0,"14":1,"15":0,"16":0,"17":0,"18":0,"19":1,"20":0,"21":0,"22":0,"23":0,"24":0,"25":0,"26":0,"27":0,"28":0,"29":1,"30":0,"31":0,"32":0,"33":0,"34":0,"35":0,"36":0,"37":0,"38":1,"39":0,"40":0,"41":0,"42":0,"43":0,"44":0,"45":0,"46":1,"47":0,"48":0,"49":0,"50":0,"51":0,"52":1,"53":0,"54":0,"55":0,"56":0,"57":0,"58":0,"59":0,"60":0,"61":1,"62":0,"63":0,"64":0,"65":0,"66":1,"67":0,"68":0,"69":0,"70":0,"71":0,"72":0,"73":0,"74":0,"75":0,"76":0,"77":0,"78":0,"79":0,"80":0,"81":0,"82":0,"83":0,"84":0,"85":1,"86":0,"87":0,"88":0,"89":0},"f":{"0":0,"1":0,"2":0,"3":0,"4":0,"5":0,"6":0,"7":0,"8":0,"9":0},"b":{"0":[0,0],"1":[0,0],"2":[0,0],"3":[0,0],"4":[0,0],"5":[0,0],"6":[0,0],"7":[0,0],"8":[0,0],"9":[0,0],"10":[0,0],"11":[0,0],"12":[0,0],"13":[0,0]},"_coverageSchema":"1a1c01bbd47fc00a2c39e90264f33305004495a9","hash":"76485379c70f85fe109fb64b82c11bc9847d34ba"}
,"C:\\Users\\khadi\\Documents\\ING2INFO\\S2\\Devops\\TP3\\tp-api-node.js\\models\\Etudiant.js": {"path":"C:\\Users\\khadi\\Documents\\ING2INFO\\S2\\Devops\\TP3\\tp-api-node.js\\models\\Etudiant.js","statementMap":{"0":{"start":{"line":2,"column":17},"end":{"line":2,"column":36}},"1":{"start":{"line":4,"column":23},"end":{"line":56,"column":2}},"2":{"start":{"line":58,"column":0},"end":{"line":58,"column":60}}},"fnMap":{},"branchMap":{},"s":{"0":1,"1":1,"2":1},"f":{},"b":{},"_coverageSchema":"1a1c01bbd47fc00a2c39e90264f33305004495a9","hash":"e1d21d86468c3277ef5530afc68012e59c5a95e2"}
,"C:\\Users\\khadi\\Documents\\ING2INFO\\S2\\Devops\\TP3\\tp-api-node.js\\routes\\etudiantRoutes.js": {"path":"C:\\Users\\khadi\\Documents\\ING2INFO\\S2\\Devops\\TP3\\tp-api-node.js\\routes\\etudiantRoutes.js","statementMap":{"0":{"start":{"line":2,"column":16},"end":{"line":2,"column":34}},"1":{"start":{"line":3,"column":15},"end":{"line":3,"column":31}},"2":{"start":{"line":13,"column":4},"end":{"line":13,"column":48}},"3":{"start":{"line":20,"column":0},"end":{"line":20,"column":60}},"4":{"start":{"line":23,"column":0},"end":{"line":23,"column":55}},"5":{"start":{"line":25,"column":0},"end":{"line":25,"column":50}},"6":{"start":{"line":30,"column":0},"end":{"line":30,"column":85}},"7":{"start":{"line":32,"column":0},"end":{"line":32,"column":24}}},"fnMap":{},"branchMap":{},"s":{"0":1,"1":1,"2":1,"3":1,"4":1,"5":1,"6":1,"7":1},"f":{},"b":{},"_coverageSchema":"1a1c01bbd47fc00a2c39e90264f33305004495a9","hash":"ab960c3b21606a9f53006ea2457340d0472a7692"}
,"C:\\Users\\khadi\\Documents\\ING2INFO\\S2\\Devops\\TP3\\tp-api-node.js\\utils\\calculNote.js": {"path":"C:\\Users\\khadi\\Documents\\ING2INFO\\S2\\Devops\\TP3\\tp-api-node.js\\utils\\calculNote.js","statementMap":{"0":{"start":{"line":4,"column":4},"end":{"line":4,"column":17}},"1":{"start":{"line":12,"column":4},"end":{"line":12,"column":66}},"2":{"start":{"line":12,"column":53},"end":{"line":12,"column":66}},"3":{"start":{"line":13,"column":4},"end":{"line":13,"column":39}},"4":{"start":{"line":17,"column":4},"end":{"line":19,"column":5}},"5":{"start":{"line":18,"column":8},"end":{"line":18,"column":58}},"6":{"start":{"line":20,"column":4},"end":{"line":22,"column":5}},"7":{"start":{"line":21,"column":8},"end":{"line":21,"column":71}},"8":{"start":{"line":23,"column":4},"end":{"line":23,"column":42}},"9":{"start":{"line":23,"column":23},"end":{"line":23,"column":42}},"10":{"start":{"line":24,"column":4},"end":{"line":24,"column":37}},"11":{"start":{"line":24,"column":23},"end":{"line":24,"column":37}},"12":{"start":{"line":25,"column":4},"end":{"line":25,"column":43}},"13":{"start":{"line":25,"column":23},"end":{"line":25,"column":43}},"14":{"start":{"line":26,"column":4},"end":{"line":26,"column":41}},"15":{"start":{"line":26,"column":23},"end":{"line":26,"column":41}},"16":{"start":{"line":27,"column":4},"end":{"line":27,"column":25}},"17":{"start":{"line":30,"column":0},"end":{"line":30,"column":64}}},"fnMap":{"0":{"name":"additionner","decl":{"start":{"line":3,"column":9},"end":{"line":3,"column":20}},"loc":{"start":{"line":3,"column":27},"end":{"line":5,"column":1}},"line":3},"1":{"name":"isValidMoyenne","decl":{"start":{"line":11,"column":9},"end":{"line":11,"column":23}},"loc":{"start":{"line":11,"column":32},"end":{"line":14,"column":1}},"line":11},"2":{"name":"calculMention","decl":{"start":{"line":16,"column":9},"end":{"line":16,"column":22}},"loc":{"start":{"line":16,"column":32},"end":{"line":28,"column":1}},"line":16}},"branchMap":{"0":{"loc":{"start":{"line":12,"column":4},"end":{"line":12,"column":66}},"type":"if","locations":[{"start":{"line":12,"column":4},"end":{"line":12,"column":66}},{"start":{},"end":{}}],"line":12},"1":{"loc":{"start":{"line":12,"column":8},"end":{"line":12,"column":51}},"type":"binary-expr","locations":[{"start":{"line":12,"column":8},"end":{"line":12,"column":34}},{"start":{"line":12,"column":38},"end":{"line":12,"column":51}}],"line":12},"2":{"loc":{"start":{"line":13,"column":11},"end":{"line":13,"column":38}},"type":"binary-expr","locations":[{"start":{"line":13,"column":11},"end":{"line":13,"column":22}},{"start":{"line":13,"column":26},"end":{"line":13,"column":38}}],"line":13},"3":{"loc":{"start":{"line":17,"column":4},"end":{"line":19,"column":5}},"type":"if","locations":[{"start":{"line":17,"column":4},"end":{"line":19,"column":5}},{"start":{},"end":{}}],"line":17},"4":{"loc":{"start":{"line":17,"column":8},"end":{"line":17,"column":53}},"type":"binary-expr","locations":[{"start":{"line":17,"column":8},"end":{"line":17,"column":35}},{"start":{"line":17,"column":39},"end":{"line":17,"column":53}}],"line":17},"5":{"loc":{"start":{"line":20,"column":4},"end":{"line":22,"column":5}},"type":"if","locations":[{"start":{"line":20,"column":4},"end":{"line":22,"column":5}},{"start":{},"end":{}}],"line":20},"6":{"loc":{"start":{"line":23,"column":4},"end":{"line":23,"column":42}},"type":"if","locations":[{"start":{"line":23,"column":4},"end":{"line":23,"column":42}},{"start":{},"end":{}}],"line":23},"7":{"loc":{"start":{"line":24,"column":4},"end":{"line":24,"column":37}},"type":"if","locations":[{"start":{"line":24,"column":4},"end":{"line":24,"column":37}},{"start":{},"end":{}}],"line":24},"8":{"loc":{"start":{"line":25,"column":4},"end":{"line":25,"column":43}},"type":"if","locations":[{"start":{"line":25,"column":4},"end":{"line":25,"column":43}},{"start":{},"end":{}}],"line":25},"9":{"loc":{"start":{"line":26,"column":4},"end":{"line":26,"column":41}},"type":"if","locations":[{"start":{"line":26,"column":4},"end":{"line":26,"column":41}},{"start":{},"end":{}}],"line":26}},"s":{"0":3,"1":16,"2":3,"3":13,"4":9,"5":1,"6":8,"7":2,"8":6,"9":2,"10":4,"11":1,"12":3,"13":0,"14":3,"15":1,"16":2,"17":1},"f":{"0":3,"1":16,"2":9},"b":{"0":[3,13],"1":[16,13],"2":[13,11],"3":[1,8],"4":[9,8],"5":[2,6],"6":[2,4],"7":[1,3],"8":[0,3],"9":[1,2]},"_coverageSchema":"1a1c01bbd47fc00a2c39e90264f33305004495a9","hash":"430059a413919844c493d80e219891c942753dea"}
}
