TN:
SF:app.js
FN:8,(anonymous_0)
FNF:1
FNH:0
FNDA:0,(anonymous_0)
DA:2,1
DA:3,1
DA:5,1
DA:6,1
DA:8,1
DA:9,0
DA:12,1
DA:14,1
LF:8
LH:7
BRF:0
BRH:0
end_of_record
TN:
SF:controllers\etudiantController.js
FN:13,(anonymous_0)
FN:68,(anonymous_1)
FN:96,(anonymous_2)
FN:137,(anonymous_3)
FN:184,(anonymous_4)
FN:225,(anonymous_5)
FN:256,(anonymous_6)
FN:300,(anonymous_7)
FN:321,(anonymous_8)
FN:352,(anonymous_9)
FNF:10
FNH:0
FNDA:0,(anonymous_0)
FNDA:0,(anonymous_1)
FNDA:0,(anonymous_2)
FNDA:0,(anonymous_3)
FNDA:0,(anonymous_4)
FNDA:0,(anonymous_5)
FNDA:0,(anonymous_6)
FNDA:0,(anonymous_7)
FNDA:0,(anonymous_8)
FNDA:0,(anonymous_9)
DA:2,1
DA:3,1
DA:13,1
DA:14,0
DA:17,0
DA:19,0
DA:22,0
DA:24,0
DA:25,0
DA:33,0
DA:36,0
DA:46,0
DA:47,0
DA:54,0
DA:68,1
DA:69,0
DA:71,0
DA:73,0
DA:80,0
DA:96,1
DA:97,0
DA:98,0
DA:101,0
DA:102,0
DA:108,0
DA:110,0
DA:111,0
DA:117,0
DA:123,0
DA:137,1
DA:138,0
DA:139,0
DA:140,0
DA:149,0
DA:156,0
DA:157,0
DA:163,0
DA:170,0
DA:184,1
DA:185,0
DA:186,0
DA:189,0
DA:196,0
DA:197,0
DA:203,0
DA:210,0
DA:225,1
DA:226,0
DA:227,0
DA:230,0
DA:232,0
DA:240,0
DA:256,1
DA:257,0
DA:258,0
DA:261,0
DA:262,0
DA:269,0
DA:271,0
DA:278,0
DA:285,0
DA:300,1
DA:301,0
DA:303,0
DA:305,0
DA:312,0
DA:321,1
DA:322,0
DA:323,0
DA:324,0
DA:326,0
DA:327,0
DA:328,0
DA:329,0
DA:330,0
DA:331,0
DA:333,0
DA:335,0
DA:337,0
DA:344,0
DA:352,1
DA:353,0
DA:354,0
DA:357,0
DA:364,0
LF:85
LH:12
BRDA:24,0,0,0
BRDA:24,0,1,0
BRDA:46,1,0,0
BRDA:46,1,1,0
BRDA:101,2,0,0
BRDA:101,2,1,0
BRDA:110,3,0,0
BRDA:110,3,1,0
BRDA:156,4,0,0
BRDA:156,4,1,0
BRDA:196,5,0,0
BRDA:196,5,1,0
BRDA:261,6,0,0
BRDA:261,6,1,0
BRDA:326,7,0,0
BRDA:326,7,1,0
BRDA:327,8,0,0
BRDA:327,8,1,0
BRDA:328,9,0,0
BRDA:328,9,1,0
BRDA:328,10,0,0
BRDA:328,10,1,0
BRDA:330,11,0,0
BRDA:330,11,1,0
BRDA:331,12,0,0
BRDA:331,12,1,0
BRDA:333,13,0,0
BRDA:333,13,1,0
BRF:28
BRH:0
end_of_record
TN:
SF:models\Etudiant.js
FNF:0
FNH:0
DA:2,1
DA:4,1
DA:58,1
LF:3
LH:3
BRF:0
BRH:0
end_of_record
TN:
SF:routes\etudiantRoutes.js
FNF:0
FNH:0
DA:2,1
DA:3,1
DA:13,1
DA:20,1
DA:23,1
DA:25,1
DA:30,1
DA:32,1
LF:8
LH:8
BRF:0
BRH:0
end_of_record
TN:
SF:utils\calculNote.js
FN:3,additionner
FN:11,isValidMoyenne
FN:16,calculMention
FNF:3
FNH:3
FNDA:3,additionner
FNDA:16,isValidMoyenne
FNDA:9,calculMention
DA:4,3
DA:12,16
DA:13,13
DA:17,9
DA:18,1
DA:20,8
DA:21,2
DA:23,6
DA:24,4
DA:25,3
DA:26,3
DA:27,2
DA:30,1
LF:13
LH:13
BRDA:12,0,0,3
BRDA:12,0,1,13
BRDA:12,1,0,16
BRDA:12,1,1,13
BRDA:13,2,0,13
BRDA:13,2,1,11
BRDA:17,3,0,1
BRDA:17,3,1,8
BRDA:17,4,0,9
BRDA:17,4,1,8
BRDA:20,5,0,2
BRDA:20,5,1,6
BRDA:23,6,0,2
BRDA:23,6,1,4
BRDA:24,7,0,1
BRDA:24,7,1,3
BRDA:25,8,0,0
BRDA:25,8,1,3
BRDA:26,9,0,1
BRDA:26,9,1,2
BRF:20
BRH:19
end_of_record
